<?xml version="1.0" encoding="UTF-8"?>
<!-- Generated by org.testng.reporters.JUnitXMLReporter -->
<testsuite ignored="1" hostname="LAPTOP-SE3QGFMU" failures="0" tests="13" name="Default test" time="0.125" errors="0" timestamp="2022-03-05T12:10:25 IST">
  <testcase classname="org.test.SampleTest" name="tco" time="0.012"/>
  <testcase classname="org.test.SampleTest" name="tco1" time="0.002"/>
  <testcase classname="org.test.SampleTest" name="tco4" time="0.002"/>
  <testcase classname="org.test.SampleTest" name="tco4" time="0.002"/>
  <testcase classname="org.test.SampleTest" name="tco4" time="0.004"/>
  <testcase classname="org.test.SampleTest" name="tco4" time="0.001"/>
  <testcase classname="org.test.SampleTest" name="tco4" time="0.001"/>
  <testcase classname="org.test.SampleTest" name="tco4" time="0.003"/>
  <testcase classname="org.test.SampleTest" name="tco4" time="0.001"/>
  <testcase classname="org.test.SampleTest" name="tco4" time="0.001"/>
  <testcase classname="org.test.SampleTest" name="tco4" time="0.003"/>
  <testcase classname="org.test.SampleTest" name="tco4" time="0.003"/>
  <testcase classname="org.test.SampleTest" name="tco2" time="0.001"/>
  <testcase classname="org.test.SampleTest" name="tco3" time="0.0">
    <ignored/>
  </testcase> <!-- tco3 -->
</testsuite> <!-- Default test -->
